#
# There is insufficient memory for the Java Runtime Environment to continue.
# Native memory allocation (mmap) failed to map 134217728 bytes. Error detail: G1 virtual space
# Possible reasons:
#   The system is out of physical RAM or swap space
#   This process is running with CompressedOops enabled, and the Java Heap may be blocking the growth of the native heap
# Possible solutions:
#   Reduce memory load on the system
#   Increase physical memory or swap space
#   Check if swap backing store is full
#   Decrease Java heap size (-Xmx/-Xms)
#   Decrease number of Java threads
#   Decrease Java thread stack sizes (-Xss)
#   Set larger code cache with -XX:ReservedCodeCacheSize=
#   JVM is running with Unscaled Compressed Oops mode in which the Java heap is
#     placed in the first 4GB address space. The Java Heap base address is the
#     maximum limit for the native heap growth. Please use -XX:HeapBaseMinAddress
#     to set the Java Heap base and to place the Java Heap above 4GB virtual address.
# This output file may be truncated or incomplete.
#
#  Out of Memory Error (os_windows.cpp:3631), pid=25640, tid=23616
#
# JRE version:  (22.0.2+9) (build )
# Java VM: Java HotSpot(TM) 64-Bit Server VM (22.0.2+9-70, mixed mode, sharing, tiered, compressed oops, compressed class ptrs, g1 gc, windows-amd64)
# No core dump will be written. Minidumps are not enabled by default on client versions of Windows
#

---------------  S U M M A R Y ------------

Command Line: -Dclassworlds.conf=C:\Program Files\NetBeans-25\netbeans\java\maven\bin\m2.conf -Dmaven.home=C:\Program Files\NetBeans-25\netbeans\java\maven -Dlibrary.jansi.path=C:\Program Files\NetBeans-25\netbeans\java\maven\lib\jansi-native -Dmaven.multiModuleProjectDirectory=D:\New Folder\DS_Project org.codehaus.plexus.classworlds.launcher.Launcher -Dexec.vmArgs= -Dexec.args=${exec.vmArgs} -classpath %classpath ${exec.mainClass} ${exec.appArgs} -Dexec.appArgs= -Dexec.mainClass=com.myproject.ds_project.DS_Project -Dexec.executable=C:\Program Files\Java\jdk-22\bin\java.exe -Dmaven.ext.class.path=C:\Program Files\NetBeans-25\netbeans\java\maven-nblib\netbeans-eventspy.jar --no-transfer-progress process-classes org.codehaus.mojo:exec-maven-plugin:3.1.0:exec

Host: Intel(R) Core(TM) i7-8550U CPU @ 1.80GHz, 8 cores, 7G,  Windows 10 , 64 bit Build 19041 (10.0.19041.3636)
Time: Sat May 16 11:38:07 2026 Arab Standard Time elapsed time: 0.047422 seconds (0d 0h 0m 0s)

---------------  T H R E A D  ---------------

Current thread (0x00000157a46735e0):  JavaThread "Unknown thread" [_thread_in_vm, id=23616, stack(0x000000174f400000,0x000000174f500000) (1024K)]

Stack: [0x000000174f400000,0x000000174f500000]
Native frames: (J=compiled Java code, j=interpreted, Vv=VM code, C=native code)
V  [jvm.dll+0x6e26e9]  (no source info available)
V  [jvm.dll+0x875753]  (no source info available)
V  [jvm.dll+0x877b7e]  (no source info available)
V  [jvm.dll+0x878253]  (no source info available)
V  [jvm.dll+0x27fc86]  (no source info available)
V  [jvm.dll+0x6ded85]  (no source info available)
V  [jvm.dll+0x6d388a]  (no source info available)
V  [jvm.dll+0x358b8a]  (no source info available)
V  [jvm.dll+0x3610b6]  (no source info available)
V  [jvm.dll+0x3b419e]  (no source info available)
V  [jvm.dll+0x3b4448]  (no source info available)
V  [jvm.dll+0x32c5ec]  (no source info available)
V  [jvm.dll+0x32d258]  (no source info available)
V  [jvm.dll+0x83d5ac]  (no source info available)
V  [jvm.dll+0x3c10d1]  (no source info available)
V  [jvm.dll+0x8264cc]  (no source info available)
V  [jvm.dll+0x45bd5e]  (no source info available)
V  [jvm.dll+0x45dbe1]  (no source info available)
C  [jli.dll+0x52a3]  (no source info available)
C  [ucrtbase.dll+0x21bb2]  (no source info available)
C  [KERNEL32.DLL+0x17344]  (no source info available)
C  [ntdll.dll+0x526b1]  (no source info available)


---------------  P R O C E S S  ---------------

Threads class SMR info:
_java_thread_list=0x00007fff73ddc1c8, length=0, elements={
}

Java Threads: ( => current thread )
Total: 0

Other Threads:
  0x00000157a4944060 WorkerThread "GC Thread#0"                     [id=23220, stack(0x000000174f500000,0x000000174f600000) (1024K)]
  0x00000157a4954e10 ConcurrentGCThread "G1 Main Marker"            [id=12008, stack(0x000000174f600000,0x000000174f700000) (1024K)]
  0x00000157a4955830 WorkerThread "G1 Conc#0"                       [id=14812, stack(0x000000174f700000,0x000000174f800000) (1024K)]

[error occurred during error reporting (printing all threads), id 0xc0000005, EXCEPTION_ACCESS_VIOLATION (0xc0000005) at pc=0x00007fff7352f517]
VM state: not at safepoint (not fully initialized)

VM Mutex/Monitor currently owned by a thread:  ([mutex/lock_event])
[0x00007fff73e5cc80] Heap_lock - owner thread: 0x00000157a46735e0

Heap address: 0x0000000081800000, size: 2024 MB, Compressed Oops mode: 32-bit

CDS archive(s) mapped at: [0x0000000000000000-0x0000000000000000-0x0000000000000000), size 0, SharedBaseAddress: 0x0000000800000000, ArchiveRelocationMode: 1.
Narrow klass base: 0x0000000000000000, Narrow klass shift: 0, Narrow klass range: 0x0

GC Precious Log:
 CardTable entry size: 512
 Card Set container configuration: InlinePtr #cards 5 size 8 Array Of Cards #cards 12 size 40 Howl #buckets 4 coarsen threshold 1843 Howl Bitmap #cards 512 size 80 coarsen threshold 460 Card regions per heap region 1 cards per card region 2048

Heap:
 garbage-first heap   total reserved 2072576K, committed 0K, used 0K [0x0000000081800000, 0x0000000100000000)
  region size 1024K, 0 young (0K), 0 survivors (0K)

[error occurred during error reporting (printing heap information), id 0xc0000005, EXCEPTION_ACCESS_VIOLATION (0xc0000005) at pc=0x00007fff7392e869]
GC Heap History (0 events):
No events

Dll operation events (1 events):
Event: 0.014 Loaded shared library C:\Program Files\Java\jdk-22\bin\java.dll

Deoptimization events (0 events):
No events

Classes loaded (0 events):
No events

Classes unloaded (0 events):
No events

Classes redefined (0 events):
No events

Internal exceptions (0 events):
No events

ZGC Phase Switch (0 events):
No events

VM Operations (0 events):
No events

Memory protections (0 events):
No events

Nmethod flushes (0 events):
No events

Events (0 events):
No events


Dynamic libraries:
0x00007ff70ca00000 - 0x00007ff70ca10000 	C:\Program Files\Java\jdk-22\bin\java.exe
0x00007fffe0610000 - 0x00007fffe0808000 	C:\WINDOWS\SYSTEM32\ntdll.dll
0x00007fffe02a0000 - 0x00007fffe035d000 	C:\WINDOWS\System32\KERNEL32.DLL
0x00007fffddd80000 - 0x00007fffde076000 	C:\WINDOWS\System32\KERNELBASE.dll
0x00007fffde310000 - 0x00007fffde410000 	C:\WINDOWS\System32\ucrtbase.dll
0x00007fffd53a0000 - 0x00007fffd53bb000 	C:\Program Files\Java\jdk-22\bin\VCRUNTIME140.dll
0x00007fffb9f40000 - 0x00007fffb9f57000 	C:\Program Files\Java\jdk-22\bin\jli.dll
0x00007fffdfc10000 - 0x00007fffdfdae000 	C:\WINDOWS\System32\USER32.dll
0x00007fffde410000 - 0x00007fffde432000 	C:\WINDOWS\System32\win32u.dll
0x00007fffcdf90000 - 0x00007fffce22a000 	C:\WINDOWS\WinSxS\amd64_microsoft.windows.common-controls_6595b64144ccf1df_6.0.19041.3636_none_60b6a03d71f818d5\COMCTL32.dll
0x00007fffdf520000 - 0x00007fffdf54c000 	C:\WINDOWS\System32\GDI32.dll
0x00007fffdfa70000 - 0x00007fffdfb0e000 	C:\WINDOWS\System32\msvcrt.dll
0x00007fffde0f0000 - 0x00007fffde20a000 	C:\WINDOWS\System32\gdi32full.dll
0x00007fffde5d0000 - 0x00007fffde66d000 	C:\WINDOWS\System32\msvcp_win.dll
0x00007fffe0540000 - 0x00007fffe0570000 	C:\WINDOWS\System32\IMM32.DLL
0x00007fffd8dd0000 - 0x00007fffd8ddc000 	C:\Program Files\Java\jdk-22\bin\vcruntime140_1.dll
0x00007fffa38a0000 - 0x00007fffa392e000 	C:\Program Files\Java\jdk-22\bin\msvcp140.dll
0x00007fff731f0000 - 0x00007fff73f39000 	C:\Program Files\Java\jdk-22\bin\server\jvm.dll
0x00007fffdfe80000 - 0x00007fffdff2f000 	C:\WINDOWS\System32\ADVAPI32.dll
0x00007fffdfb10000 - 0x00007fffdfbac000 	C:\WINDOWS\System32\sechost.dll
0x00007fffe0360000 - 0x00007fffe0486000 	C:\WINDOWS\System32\RPCRT4.dll
0x00007fffdf2b0000 - 0x00007fffdf31b000 	C:\WINDOWS\System32\WS2_32.dll
0x00007fffddb50000 - 0x00007fffddb9b000 	C:\WINDOWS\SYSTEM32\POWRPROF.dll
0x00007fffd5790000 - 0x00007fffd579a000 	C:\WINDOWS\SYSTEM32\VERSION.dll
0x00007fffccf20000 - 0x00007fffccf47000 	C:\WINDOWS\SYSTEM32\WINMM.dll
0x00007fffddb30000 - 0x00007fffddb42000 	C:\WINDOWS\SYSTEM32\UMPDC.dll
0x00007fffdc540000 - 0x00007fffdc552000 	C:\WINDOWS\SYSTEM32\kernel.appcore.dll
0x00007fffd7c20000 - 0x00007fffd7c2a000 	C:\Program Files\Java\jdk-22\bin\jimage.dll
0x00007fffdc250000 - 0x00007fffdc434000 	C:\WINDOWS\SYSTEM32\DBGHELP.DLL
0x00007fffc6da0000 - 0x00007fffc6dd4000 	C:\WINDOWS\SYSTEM32\dbgcore.DLL
0x00007fffddcf0000 - 0x00007fffddd72000 	C:\WINDOWS\System32\bcryptPrimitives.dll
0x00007fffd5380000 - 0x00007fffd539e000 	C:\Program Files\Java\jdk-22\bin\java.dll
0x00007fffdeb60000 - 0x00007fffdf2a4000 	C:\WINDOWS\System32\SHELL32.dll
0x00007fffdf3f0000 - 0x00007fffdf51b000 	C:\WINDOWS\System32\ole32.dll
0x00007fffdff30000 - 0x00007fffe0284000 	C:\WINDOWS\System32\combase.dll

dbghelp: loaded successfully - version: 4.0.5 - missing functions: none
symbol engine: initialized successfully - sym options: 0x614 - pdb path: .;C:\Program Files\Java\jdk-22\bin;C:\WINDOWS\SYSTEM32;C:\WINDOWS\WinSxS\amd64_microsoft.windows.common-controls_6595b64144ccf1df_6.0.19041.3636_none_60b6a03d71f818d5;C:\Program Files\Java\jdk-22\bin\server

VM Arguments:
jvm_args: -Dclassworlds.conf=C:\Program Files\NetBeans-25\netbeans\java\maven\bin\m2.conf -Dmaven.home=C:\Program Files\NetBeans-25\netbeans\java\maven -Dlibrary.jansi.path=C:\Program Files\NetBeans-25\netbeans\java\maven\lib\jansi-native -Dmaven.multiModuleProjectDirectory=D:\New Folder\DS_Project 
java_command: org.codehaus.plexus.classworlds.launcher.Launcher -Dexec.vmArgs= -Dexec.args=${exec.vmArgs} -classpath %classpath ${exec.mainClass} ${exec.appArgs} -Dexec.appArgs= -Dexec.mainClass=com.myproject.ds_project.DS_Project -Dexec.executable=C:\Program Files\Java\jdk-22\bin\java.exe -Dmaven.ext.class.path=C:\Program Files\NetBeans-25\netbeans\java\maven-nblib\netbeans-eventspy.jar --no-transfer-progress process-classes org.codehaus.mojo:exec-maven-plugin:3.1.0:exec
java_class_path (initial): C:\Program Files\NetBeans-25\netbeans\java\maven\boot\plexus-classworlds-2.8.0.jar
Launcher Type: SUN_STANDARD

[Global flags]
     intx CICompilerCount                          = 4                                         {product} {ergonomic}
     uint ConcGCThreads                            = 2                                         {product} {ergonomic}
     uint G1ConcRefinementThreads                  = 8                                         {product} {ergonomic}
   size_t G1HeapRegionSize                         = 1048576                                   {product} {ergonomic}
   size_t InitialHeapSize                          = 134217728                                 {product} {ergonomic}
   size_t MarkStackSize                            = 4194304                                   {product} {ergonomic}
   size_t MaxHeapSize                              = 2122317824                                {product} {ergonomic}
   size_t MinHeapDeltaBytes                        = 1048576                                   {product} {ergonomic}
   size_t MinHeapSize                              = 8388608                                   {product} {ergonomic}
    uintx NonNMethodCodeHeapSize                   = 5839372                                {pd product} {ergonomic}
    uintx NonProfiledCodeHeapSize                  = 122909434                              {pd product} {ergonomic}
    uintx ProfiledCodeHeapSize                     = 122909434                              {pd product} {ergonomic}
    uintx ReservedCodeCacheSize                    = 251658240                              {pd product} {ergonomic}
     bool SegmentedCodeCache                       = true                                      {product} {ergonomic}
   size_t SoftMaxHeapSize                          = 2122317824                             {manageable} {ergonomic}
     bool UseCompressedOops                        = true                           {product lp64_product} {ergonomic}
     bool UseG1GC                                  = true                                      {product} {ergonomic}
     bool UseLargePagesIndividualAllocation        = false                                  {pd product} {ergonomic}

Logging:
Log output configuration:
 #0: stdout all=warning uptime,level,tags foldmultilines=false
 #1: stderr all=off uptime,level,tags foldmultilines=false

Environment Variables:
JAVA_HOME=C:\Program Files\Java\jdk-22
PATH=C:\Program Files\Python314\Scripts\;C:\Program Files\Python314\;C:\Program Files\Common Files\Oracle\Java\javapath;C:\Program Files (x86)\PC Connectivity Solution\;C:\Program Files (x86)\Common Files\Oracle\Java\javapath;C:\WINDOWS\system32;C:\WINDOWS;C:\WINDOWS\System32\Wbem;C:\WINDOWS\System32\WindowsPowerShell\v1.0\;C:\WINDOWS\System32\OpenSSH\;C:\Program Files\dotnet\;C:\Program Files\Microsoft SQL Server\130\Tools\Binn\;C:\Program Files\nodejs\;C:\Program Files (x86)\Intel\Intel(R) Management Engine Components\DAL;C:\Program Files\Intel\Intel(R) Management Engine Components\DAL;C:\Program Files\Intel\WiFi\bin\;C:\Program Files\Common Files\Intel\WirelessCommon\;C:\Program Files\PuTTY\;C:\Users\loolo\AppData\Local\Microsoft\WindowsApps;C:\Users\loolo\AppData\Roaming\npm
USERNAME=loolo
OS=Windows_NT
PROCESSOR_IDENTIFIER=Intel64 Family 6 Model 142 Stepping 10, GenuineIntel
TMP=C:\Users\loolo\AppData\Local\Temp
TEMP=C:\Users\loolo\AppData\Local\Temp




Periodic native trim disabled

---------------  S Y S T E M  ---------------

OS:
 Windows 10 , 64 bit Build 19041 (10.0.19041.3636)
OS uptime: 4 days 7:05 hours

CPU: total 8 (initial active 8) (4 cores per cpu, 2 threads per core) family 6 model 142 stepping 10 microcode 0xb4, cx8, cmov, fxsr, ht, mmx, 3dnowpref, sse, sse2, sse3, ssse3, sse4.1, sse4.2, popcnt, lzcnt, tsc, tscinvbit, avx, avx2, aes, erms, clmul, bmi1, bmi2, adx, fma, vzeroupper, clflush, clflushopt, rdtscp, f16c
Processor Information for all 8 processors :
  Max Mhz: 1992, Current Mhz: 1792, Mhz Limit: 1792

Memory: 4k page, system-wide physical 8092M (506M free)
TotalPageFile size 21426M (AvailPageFile size 34M)
current process WorkingSet (physical memory assigned to process): 11M, peak: 11M
current process commit charge ("private bytes"): 60M, peak: 188M

vm_info: Java HotSpot(TM) 64-Bit Server VM (22.0.2+9-70) for windows-amd64 JRE (22.0.2+9-70), built on 2024-06-04T16:52:23Z by "mach5one" with MS VC++ 17.6 (VS2022)

END.
